<?xml version="1.0" encoding="UTF-8"?>
<!-- Generated by org.testng.reporters.JUnitReportReporter -->
<testsuite hostname="BADHAN-PC" failures="0" tests="1" name="p_01_Annotation.C_01_Test" time="9.700" errors="0" timestamp="2022-02-09T18:11:22 BDT" skipped="0">
  <testcase classname="p_01_Annotation.C_01_Test" name="verifyPageTitle" time="9.700"/>
  <system-out/>
</testsuite> <!-- p_01_Annotation.C_01_Test -->
