<?xml version="1.0" encoding="UTF-8"?>
<!-- Generated by org.testng.reporters.JUnitReportReporter -->
<testsuite hostname="BADHAN-PC" failures="0" tests="3" name="p_03_Groups.C_15_Group_Multiple" time="0.020" errors="0" timestamp="2022-02-10T18:21:14 BDT" skipped="0">
  <testcase classname="p_03_Groups.C_15_Group_Multiple" name="verifyURL" time="0.013"/>
  <system-out/>
  <testcase classname="p_03_Groups.C_15_Group_Multiple" name="verifyTitle" time="0.004"/>
  <system-out/>
  <testcase classname="p_03_Groups.C_15_Group_Multiple" name="verifyLogout" time="0.003"/>
  <system-out/>
</testsuite> <!-- p_03_Groups.C_15_Group_Multiple -->
