<?xml version="1.0" encoding="UTF-8"?>
<!-- Generated by org.testng.reporters.JUnitReportReporter -->
<testsuite hostname="BADHAN-PC" failures="0" tests="3" name="p_01_Annotation.C_03_Test_BeforeTestAfterTest" time="4.256" errors="0" timestamp="2022-02-09T20:37:46 BDT" skipped="0">
  <testcase classname="p_01_Annotation.C_03_Test_BeforeTestAfterTest" name="verifyPageTitle" time="4.252"/>
  <system-out/>
  <testcase classname="p_01_Annotation.C_03_Test_BeforeTestAfterTest" name="Login" time="0.002"/>
  <system-out/>
  <testcase classname="p_01_Annotation.C_03_Test_BeforeTestAfterTest" name="Logout" time="0.002"/>
  <system-out/>
</testsuite> <!-- p_01_Annotation.C_03_Test_BeforeTestAfterTest -->
