<?xml version="1.0" encoding="UTF-8"?>
<!-- Generated by org.testng.reporters.JUnitReportReporter -->
<testsuite hostname="BADHAN-PC" failures="0" tests="2" name="p_01_Annotation.C_10_BeforeSuiteAfterSuite_Child3" time="18.656" errors="0" timestamp="2022-02-10T00:26:10 BDT" skipped="0">
  <testcase classname="p_01_Annotation.C_10_BeforeSuiteAfterSuite_Child3" name="verifyTitle" time="9.065"/>
  <system-out/>
  <testcase classname="p_01_Annotation.C_10_BeforeSuiteAfterSuite_Child3" name="verifyTitle" time="9.591"/>
  <system-out/>
</testsuite> <!-- p_01_Annotation.C_10_BeforeSuiteAfterSuite_Child3 -->
