<?xml version="1.0" encoding="UTF-8"?>
<!-- Generated by org.testng.reporters.JUnitReportReporter -->
<testsuite hostname="BADHAN-PC" failures="0" tests="1" name="p_02_Assertions.C_06_SoftAssertion_Passed" time="9.404" errors="0" timestamp="2022-02-09T22:25:31 BDT" skipped="0">
  <testcase classname="p_02_Assertions.C_06_SoftAssertion_Passed" name="verifyPageTitle" time="9.404"/>
  <system-out/>
</testsuite> <!-- p_02_Assertions.C_06_SoftAssertion_Passed -->
