<?xml version="1.0" encoding="UTF-8"?>
<!-- Generated by org.testng.reporters.JUnitReportReporter -->
<testsuite hostname="BADHAN-PC" failures="0" tests="1" name="p_02_Assertions.C_05_Assertion" time="12.340" errors="0" timestamp="2022-02-09T21:18:22 BDT" skipped="0">
  <testcase classname="p_02_Assertions.C_05_Assertion" name="verifyPageTitle" time="12.340"/>
  <system-out/>
</testsuite> <!-- p_02_Assertions.C_05_Assertion -->
