<?xml version="1.0" encoding="UTF-8"?>
<!-- Generated by org.testng.reporters.JUnitReportReporter -->
<testsuite hostname="BADHAN-PC" failures="0" tests="3" name="p_04_SkipTest.C_18_SkipTest_2" time="0.014" errors="0" timestamp="2022-02-11T00:34:35 BDT" skipped="3">
  <testcase classname="p_04_SkipTest.C_18_SkipTest_2" name="forceSkip" time="0.002">
    <skipped/>
  </testcase> <!-- forceSkip -->
  <system-out/>
  <testcase classname="p_04_SkipTest.C_18_SkipTest_2" name="conditionalSkip" time="0.012">
    <skipped/>
  </testcase> <!-- conditionalSkip -->
  <system-out/>
  <testcase classname="p_04_SkipTest.C_18_SkipTest_2" name="notEnabled">
    <skipped/>
  </testcase> <!-- notEnabled -->
  <system-out/>
</testsuite> <!-- p_04_SkipTest.C_18_SkipTest_2 -->
