<?xml version="1.0" encoding="UTF-8"?>
<!-- Generated by org.testng.reporters.JUnitReportReporter -->
<testsuite hostname="BADHAN-PC" failures="0" tests="3" name="p_04_SkipTest.C_17_SkipTest_1" time="0.015" errors="0" timestamp="2022-02-11T00:33:56 BDT" skipped="2">
  <testcase classname="p_04_SkipTest.C_17_SkipTest_1" name="conditionalSkip" time="0.013"/>
  <system-out/>
  <testcase classname="p_04_SkipTest.C_17_SkipTest_1" name="forceSkip" time="0.002">
    <skipped/>
  </testcase> <!-- forceSkip -->
  <system-out/>
  <testcase classname="p_04_SkipTest.C_17_SkipTest_1" name="notEnabled">
    <skipped/>
  </testcase> <!-- notEnabled -->
  <system-out/>
</testsuite> <!-- p_04_SkipTest.C_17_SkipTest_1 -->
