<?xml version="1.0" encoding="UTF-8"?>
<!-- Generated by org.testng.reporters.JUnitReportReporter -->
<testsuite hostname="BADHAN-PC" failures="0" tests="1" name="p_03_Groups.C_14_Group_Single" time="0.013" errors="0" timestamp="2022-02-10T18:19:13 BDT" skipped="0">
  <testcase classname="p_03_Groups.C_14_Group_Single" name="verifyLogout" time="0.013"/>
  <system-out/>
</testsuite> <!-- p_03_Groups.C_14_Group_Single -->
