<?xml version="1.0" encoding="UTF-8"?>
<!-- Generated by org.testng.reporters.JUnitReportReporter -->
<testsuite hostname="BADHAN-PC" failures="0" tests="3" name="p_01_Annotation.C_08_BeforeSuiteAfterSuite_Child1" time="8.058" errors="0" timestamp="2022-02-10T00:26:10 BDT" skipped="0">
  <testcase classname="p_01_Annotation.C_08_BeforeSuiteAfterSuite_Child1" name="verifyTitle" time="8.048"/>
  <system-out/>
  <testcase classname="p_01_Annotation.C_08_BeforeSuiteAfterSuite_Child1" name="Login" time="0.006"/>
  <system-out/>
  <testcase classname="p_01_Annotation.C_08_BeforeSuiteAfterSuite_Child1" name="Logout" time="0.004"/>
  <system-out/>
</testsuite> <!-- p_01_Annotation.C_08_BeforeSuiteAfterSuite_Child1 -->
