<?xml version="1.0" encoding="UTF-8"?>
<!-- Generated by org.testng.reporters.JUnitReportReporter -->
<testsuite hostname="BADHAN-PC" failures="0" tests="5" name="p_03_Groups.C_16_Group_ClassLevel" time="0.024" errors="0" timestamp="2022-02-10T18:23:19 BDT" skipped="0">
  <testcase classname="p_03_Groups.C_16_Group_ClassLevel" name="verifyElement" time="0.014"/>
  <system-out/>
  <testcase classname="p_03_Groups.C_16_Group_ClassLevel" name="verifyURL" time="0.003"/>
  <system-out/>
  <testcase classname="p_03_Groups.C_16_Group_ClassLevel" name="verifyTitle" time="0.002"/>
  <system-out/>
  <testcase classname="p_03_Groups.C_16_Group_ClassLevel" name="verifyLogin" time="0.002"/>
  <system-out/>
  <testcase classname="p_03_Groups.C_16_Group_ClassLevel" name="verifyLogout" time="0.003"/>
  <system-out/>
</testsuite> <!-- p_03_Groups.C_16_Group_ClassLevel -->
