<?xml version="1.0" encoding="UTF-8"?>
<!-- Generated by org.testng.reporters.JUnitReportReporter -->
<testsuite hostname="BADHAN-PC" failures="0" tests="3" name="p_01_Annotation.C_04_BeforeMethodAfterMethod" time="8.889" errors="0" timestamp="2022-02-09T20:48:38 BDT" skipped="0">
  <testcase classname="p_01_Annotation.C_04_BeforeMethodAfterMethod" name="verifyPageTitle" time="8.874"/>
  <system-out/>
  <testcase classname="p_01_Annotation.C_04_BeforeMethodAfterMethod" name="Login" time="0.009"/>
  <system-out/>
  <testcase classname="p_01_Annotation.C_04_BeforeMethodAfterMethod" name="Logout" time="0.006"/>
  <system-out/>
</testsuite> <!-- p_01_Annotation.C_04_BeforeMethodAfterMethod -->
