<?xml version="1.0" encoding="UTF-8"?>
<!-- Generated by org.testng.reporters.JUnitReportReporter -->
<testsuite hostname="BADHAN-PC" failures="0" tests="1" name="p_01_Annotation.C_05_BeforeClassAfterMethod2Class" time="9.240" errors="0" timestamp="2022-02-09T22:58:51 BDT" skipped="0">
  <testcase classname="p_01_Annotation.C_05_BeforeClassAfterMethod2Class" name="verifyPageTitle" time="9.240"/>
  <system-out/>
</testsuite> <!-- p_01_Annotation.C_05_BeforeClassAfterMethod2Class -->
