<?xml version="1.0" encoding="UTF-8"?>
<!-- Generated by org.testng.reporters.JUnitReportReporter -->
<testsuite hostname="BADHAN-PC" failures="0" tests="2" name="p_01_Annotation.C_06_BeforeGroupAfterGroup" time="2.641" errors="0" timestamp="2022-02-09T23:35:23 BDT" skipped="0">
  <testcase classname="p_01_Annotation.C_06_BeforeGroupAfterGroup" name="verifyPageTitleforEbay" time="0.022"/>
  <system-out/>
  <testcase classname="p_01_Annotation.C_06_BeforeGroupAfterGroup" name="verifySearchEbay" time="2.619"/>
  <system-out/>
</testsuite> <!-- p_01_Annotation.C_06_BeforeGroupAfterGroup -->
