<?xml version="1.0" encoding="UTF-8"?>
<!-- Generated by org.testng.reporters.JUnitReportReporter -->
<testsuite hostname="BADHAN-PC" failures="0" tests="3" name="p_01_Annotation.C_02_Test_PriorityDescription" time="10.589" errors="0" timestamp="2022-02-09T18:18:36 BDT" skipped="0">
  <testcase classname="p_01_Annotation.C_02_Test_PriorityDescription" name="verifyPageTitle" time="10.571"/>
  <system-out/>
  <testcase classname="p_01_Annotation.C_02_Test_PriorityDescription" name="Login" time="0.002"/>
  <system-out/>
  <testcase classname="p_01_Annotation.C_02_Test_PriorityDescription" name="Logout" time="0.016"/>
  <system-out/>
</testsuite> <!-- p_01_Annotation.C_02_Test_PriorityDescription -->
