<?xml version="1.0" encoding="UTF-8"?>
<!-- Generated by org.testng.reporters.JUnitReportReporter -->
<testsuite hostname="BADHAN-PC" failures="0" tests="3" name="p_03_Groups.C_14_Group_Single" time="0.015" errors="0" timestamp="2022-02-11T00:17:25 BDT" skipped="0">
  <testcase classname="p_03_Groups.C_14_Group_Single" name="verifyLogout" time="0.001"/>
  <system-out/>
  <testcase classname="p_03_Groups.C_14_Group_Single" name="verifyElement" time="0.012"/>
  <system-out/>
  <testcase classname="p_03_Groups.C_14_Group_Single" name="verifyLogin" time="0.002"/>
  <system-out/>
</testsuite> <!-- p_03_Groups.C_14_Group_Single -->
